<?xml version="1.0" encoding="UTF-8"?>
<testsuites name="Mocha Tests" time="0.0040" tests="10" failures="0">
  <testsuite name="Root Suite" timestamp="2021-11-07T11:16:26" tests="10" time="0.0030" failures="0">
    <testcase name="should be singleton" time="0.0000" classname="should be singleton">
    </testcase>
    <testcase name="should be true" time="0.0000" classname="should be true">
    </testcase>
    <testcase name="should return text" time="0.0000" classname="should return text">
    </testcase>
    <testcase name="should be true" time="0.0000" classname="should be true">
    </testcase>
    <testcase name="should be true" time="0.0000" classname="should be true">
    </testcase>
    <testcase name="should return text" time="0.0000" classname="should return text">
    </testcase>
    <testcase name="should be true" time="0.0000" classname="should be true">
    </testcase>
    <testcase name="should be true" time="0.0000" classname="should be true">
    </testcase>
    <testcase name="should be true" time="0.0000" classname="should be true">
    </testcase>
    <testcase name="should be true" time="0.0000" classname="should be true">
    </testcase>
  </testsuite>
</testsuites>